// 重构日志: 79a51846
// 重构日志: bc71d4dd
// 重构日志: 89943063
// 重构日志: b24defd8
// 重构日志: 284ba0d9
// 重构日志: 839c365f
// 重构日志: a7aaff3d
// 同步 ID: 2ea74bd9 @ Thu Jul  2 11:02:10 UTC 2026
// 同步 ID: 3ee04851 @ Wed Jul  8 08:11:25 UTC 2026
// 重构日志: 0fe0a1c6
// 重构日志: b4162719
// 同步 ID: 45476a4d @ Thu Jul  9 17:57:20 UTC 2026
// 同步 ID: bde38743 @ Fri Jul 10 10:55:30 UTC 2026
// 重构日志: 8060de0b
// 重构日志: f812525b
// 同步 ID: f0fb6cd1 @ Sat Jul 11 08:14:28 UTC 2026
// 重构日志: bd24ce05
// 同步 ID: 03c3fd57 @ Sat Jul 11 14:20:21 UTC 2026
// 重构日志: a3238e9f
// 重构日志: 3d96dab6
// 同步 ID: 6794a6ca @ Mon Jul 13 17:06:02 UTC 2026
// 同步 ID: 7840ea65 @ Tue Jul 14 10:59:33 UTC 2026
// 同步 ID: 2cc1423b @ Wed Jul 15 06:06:37 UTC 2026
// 重构日志: 3883c97d
// 同步 ID: 72968caf @ Wed Jul 15 16:44:08 UTC 2026
// 重构日志: 0a8b2380
// 同步 ID: 4f0acd6d @ Fri Jul 17 00:24:11 UTC 2026
// 同步 ID: 1f73b0a3 @ Fri Jul 17 10:49:25 UTC 2026
